
=== Teste #1 - V√©rtices: 33, Arestas: 82 ===
‚úÖ Sucesso - Custo: 183

=== Teste #2 - V√©rtices: 34, Arestas: 80 ===
‚úÖ Sucesso - Custo: 248

=== Teste #3 - V√©rtices: 29, Arestas: 63 ===
‚ùå Erro: Custos divergentes: CHULIU 250, FRANK 243, FRANK_V2 243
Traceback (most recent call last):
  File "/Users/lorenypsum/Library/Mobile Documents/com~apple~CloudDocs/repo/graph-visualizer.nosync/volume_tester.py", line 106, in <module>
    assert custo1 == custo2 == custo3, f"Custos divergentes: CHULIU {custo1}, FRANK {custo2}, FRANK_V2 {custo3}"
           ^^^^^^^^^^^^^^^^^^^^^^^^^^
AssertionError: Custos divergentes: CHULIU 250, FRANK 243, FRANK_V2 243

=== Teste #4 - V√©rtices: 28, Arestas: 33 ===
‚úÖ Sucesso - Custo: 239

=== Teste #5 - V√©rtices: 34, Arestas: 78 ===
‚úÖ Sucesso - Custo: 248

=== Teste #6 - V√©rtices: 48, Arestas: 86 ===
‚ùå Erro: Custos divergentes: CHULIU 389, FRANK 376, FRANK_V2 376
Traceback (most recent call last):
  File "/Users/lorenypsum/Library/Mobile Documents/com~apple~CloudDocs/repo/graph-visualizer.nosync/volume_tester.py", line 106, in <module>
    assert custo1 == custo2 == custo3, f"Custos divergentes: CHULIU {custo1}, FRANK {custo2}, FRANK_V2 {custo3}"
           ^^^^^^^^^^^^^^^^^^^^^^^^^^
AssertionError: Custos divergentes: CHULIU 389, FRANK 376, FRANK_V2 376

=== Teste #7 - V√©rtices: 42, Arestas: 103 ===
‚ùå Erro: Custos divergentes: CHULIU 288, FRANK 287, FRANK_V2 287
Traceback (most recent call last):
  File "/Users/lorenypsum/Library/Mobile Documents/com~apple~CloudDocs/repo/graph-visualizer.nosync/volume_tester.py", line 106, in <module>
    assert custo1 == custo2 == custo3, f"Custos divergentes: CHULIU {custo1}, FRANK {custo2}, FRANK_V2 {custo3}"
           ^^^^^^^^^^^^^^^^^^^^^^^^^^
AssertionError: Custos divergentes: CHULIU 288, FRANK 287, FRANK_V2 287

=== Teste #8 - V√©rtices: 31, Arestas: 87 ===
‚ùå Erro: Custos divergentes: CHULIU 165, FRANK 167, FRANK_V2 167
Traceback (most recent call last):
  File "/Users/lorenypsum/Library/Mobile Documents/com~apple~CloudDocs/repo/graph-visualizer.nosync/volume_tester.py", line 106, in <module>
    assert custo1 == custo2 == custo3, f"Custos divergentes: CHULIU {custo1}, FRANK {custo2}, FRANK_V2 {custo3}"
           ^^^^^^^^^^^^^^^^^^^^^^^^^^
AssertionError: Custos divergentes: CHULIU 165, FRANK 167, FRANK_V2 167

=== Teste #9 - V√©rtices: 21, Arestas: 21 ===
‚úÖ Sucesso - Custo: 212

=== Teste #10 - V√©rtices: 35, Arestas: 71 ===
‚úÖ Sucesso - Custo: 276

=== Teste #11 - V√©rtices: 30, Arestas: 86 ===
‚úÖ Sucesso - Custo: 211

=== Teste #12 - V√©rtices: 35, Arestas: 99 ===
‚úÖ Sucesso - Custo: 241

=== Teste #13 - V√©rtices: 14, Arestas: 39 ===
‚úÖ Sucesso - Custo: 66

=== Teste #14 - V√©rtices: 27, Arestas: 63 ===
‚úÖ Sucesso - Custo: 209

=== Teste #15 - V√©rtices: 26, Arestas: 51 ===
‚úÖ Sucesso - Custo: 214

=== Teste #16 - V√©rtices: 10, Arestas: 14 ===
‚úÖ Sucesso - Custo: 61

=== Teste #17 - V√©rtices: 23, Arestas: 35 ===
‚úÖ Sucesso - Custo: 233

=== Teste #18 - V√©rtices: 42, Arestas: 45 ===
‚úÖ Sucesso - Custo: 414

=== Teste #19 - V√©rtices: 17, Arestas: 19 ===
‚úÖ Sucesso - Custo: 187

=== Teste #20 - V√©rtices: 18, Arestas: 18 ===
‚úÖ Sucesso - Custo: 165

=== Teste #21 - V√©rtices: 30, Arestas: 64 ===
‚úÖ Sucesso - Custo: 219

=== Teste #22 - V√©rtices: 18, Arestas: 41 ===
‚úÖ Sucesso - Custo: 111

=== Teste #23 - V√©rtices: 35, Arestas: 83 ===
‚úÖ Sucesso - Custo: 297

=== Teste #24 - V√©rtices: 36, Arestas: 51 ===
‚úÖ Sucesso - Custo: 356

=== Teste #25 - V√©rtices: 11, Arestas: 23 ===
‚úÖ Sucesso - Custo: 88

=== Teste #26 - V√©rtices: 33, Arestas: 63 ===
‚úÖ Sucesso - Custo: 200

=== Teste #27 - V√©rtices: 32, Arestas: 45 ===
‚úÖ Sucesso - Custo: 300

=== Teste #28 - V√©rtices: 19, Arestas: 19 ===
‚úÖ Sucesso - Custo: 180

=== Teste #29 - V√©rtices: 23, Arestas: 30 ===
‚úÖ Sucesso - Custo: 257

=== Teste #30 - V√©rtices: 23, Arestas: 36 ===
‚úÖ Sucesso - Custo: 181

=== Teste #31 - V√©rtices: 20, Arestas: 59 ===
‚úÖ Sucesso - Custo: 135

=== Teste #32 - V√©rtices: 32, Arestas: 56 ===
‚úÖ Sucesso - Custo: 255

=== Teste #33 - V√©rtices: 10, Arestas: 23 ===
‚úÖ Sucesso - Custo: 81

=== Teste #34 - V√©rtices: 26, Arestas: 78 ===
‚úÖ Sucesso - Custo: 161

=== Teste #35 - V√©rtices: 49, Arestas: 93 ===
‚úÖ Sucesso - Custo: 452

=== Teste #36 - V√©rtices: 24, Arestas: 48 ===
‚úÖ Sucesso - Custo: 208

=== Teste #37 - V√©rtices: 21, Arestas: 36 ===
‚úÖ Sucesso - Custo: 213

=== Teste #38 - V√©rtices: 40, Arestas: 109 ===
‚úÖ Sucesso - Custo: 244

=== Teste #39 - V√©rtices: 45, Arestas: 124 ===
‚úÖ Sucesso - Custo: 248

=== Teste #40 - V√©rtices: 17, Arestas: 23 ===
‚úÖ Sucesso - Custo: 186

=== Teste #41 - V√©rtices: 20, Arestas: 26 ===
‚úÖ Sucesso - Custo: 172

=== Teste #42 - V√©rtices: 28, Arestas: 58 ===
‚úÖ Sucesso - Custo: 210

=== Teste #43 - V√©rtices: 13, Arestas: 32 ===
‚úÖ Sucesso - Custo: 76

=== Teste #44 - V√©rtices: 17, Arestas: 44 ===
‚úÖ Sucesso - Custo: 115

=== Teste #45 - V√©rtices: 50, Arestas: 117 ===
‚úÖ Sucesso - Custo: 366

=== Teste #46 - V√©rtices: 24, Arestas: 34 ===
‚úÖ Sucesso - Custo: 208

=== Teste #47 - V√©rtices: 46, Arestas: 74 ===
‚úÖ Sucesso - Custo: 421

=== Teste #48 - V√©rtices: 32, Arestas: 45 ===
‚úÖ Sucesso - Custo: 244

=== Teste #49 - V√©rtices: 33, Arestas: 54 ===
‚úÖ Sucesso - Custo: 248

=== Teste #50 - V√©rtices: 33, Arestas: 45 ===
‚úÖ Sucesso - Custo: 307

=== Teste #51 - V√©rtices: 30, Arestas: 43 ===
‚úÖ Sucesso - Custo: 270

=== Teste #52 - V√©rtices: 46, Arestas: 89 ===
‚úÖ Sucesso - Custo: 343

=== Teste #53 - V√©rtices: 21, Arestas: 63 ===
‚úÖ Sucesso - Custo: 126

=== Teste #54 - V√©rtices: 32, Arestas: 57 ===
‚úÖ Sucesso - Custo: 255

=== Teste #55 - V√©rtices: 37, Arestas: 111 ===
‚úÖ Sucesso - Custo: 244

=== Teste #56 - V√©rtices: 41, Arestas: 59 ===
‚úÖ Sucesso - Custo: 369

=== Teste #57 - V√©rtices: 22, Arestas: 27 ===
‚úÖ Sucesso - Custo: 251

=== Teste #58 - V√©rtices: 34, Arestas: 84 ===
‚ùå Erro: Custos divergentes: CHULIU 251, FRANK 252, FRANK_V2 252
Traceback (most recent call last):
  File "/Users/lorenypsum/Library/Mobile Documents/com~apple~CloudDocs/repo/graph-visualizer.nosync/volume_tester.py", line 106, in <module>
    assert custo1 == custo2 == custo3, f"Custos divergentes: CHULIU {custo1}, FRANK {custo2}, FRANK_V2 {custo3}"
           ^^^^^^^^^^^^^^^^^^^^^^^^^^
AssertionError: Custos divergentes: CHULIU 251, FRANK 252, FRANK_V2 252

=== Teste #59 - V√©rtices: 33, Arestas: 45 ===
‚úÖ Sucesso - Custo: 255

=== Teste #60 - V√©rtices: 37, Arestas: 110 ===
‚úÖ Sucesso - Custo: 221

=== Teste #61 - V√©rtices: 35, Arestas: 98 ===
‚úÖ Sucesso - Custo: 227

=== Teste #62 - V√©rtices: 22, Arestas: 49 ===
‚ùå Erro: Custos divergentes: CHULIU 162, FRANK 149, FRANK_V2 149
Traceback (most recent call last):
  File "/Users/lorenypsum/Library/Mobile Documents/com~apple~CloudDocs/repo/graph-visualizer.nosync/volume_tester.py", line 106, in <module>
    assert custo1 == custo2 == custo3, f"Custos divergentes: CHULIU {custo1}, FRANK {custo2}, FRANK_V2 {custo3}"
           ^^^^^^^^^^^^^^^^^^^^^^^^^^
AssertionError: Custos divergentes: CHULIU 162, FRANK 149, FRANK_V2 149

=== Teste #63 - V√©rtices: 42, Arestas: 48 ===
‚úÖ Sucesso - Custo: 381

=== Teste #64 - V√©rtices: 12, Arestas: 31 ===
‚úÖ Sucesso - Custo: 66

=== Teste #65 - V√©rtices: 47, Arestas: 69 ===
‚úÖ Sucesso - Custo: 383

=== Teste #66 - V√©rtices: 17, Arestas: 46 ===
‚úÖ Sucesso - Custo: 124

=== Teste #67 - V√©rtices: 35, Arestas: 82 ===
‚ùå Erro: Custos divergentes: CHULIU 239, FRANK 243, FRANK_V2 243
Traceback (most recent call last):
  File "/Users/lorenypsum/Library/Mobile Documents/com~apple~CloudDocs/repo/graph-visualizer.nosync/volume_tester.py", line 106, in <module>
    assert custo1 == custo2 == custo3, f"Custos divergentes: CHULIU {custo1}, FRANK {custo2}, FRANK_V2 {custo3}"
           ^^^^^^^^^^^^^^^^^^^^^^^^^^
AssertionError: Custos divergentes: CHULIU 239, FRANK 243, FRANK_V2 243

=== Teste #68 - V√©rtices: 40, Arestas: 90 ===
‚úÖ Sucesso - Custo: 353

=== Teste #69 - V√©rtices: 37, Arestas: 82 ===
‚ùå Erro: Custos divergentes: CHULIU 256, FRANK 254, FRANK_V2 254
Traceback (most recent call last):
  File "/Users/lorenypsum/Library/Mobile Documents/com~apple~CloudDocs/repo/graph-visualizer.nosync/volume_tester.py", line 106, in <module>
    assert custo1 == custo2 == custo3, f"Custos divergentes: CHULIU {custo1}, FRANK {custo2}, FRANK_V2 {custo3}"
           ^^^^^^^^^^^^^^^^^^^^^^^^^^
AssertionError: Custos divergentes: CHULIU 256, FRANK 254, FRANK_V2 254

=== Teste #70 - V√©rtices: 11, Arestas: 15 ===
‚úÖ Sucesso - Custo: 108

=== Teste #71 - V√©rtices: 24, Arestas: 66 ===
‚úÖ Sucesso - Custo: 126

=== Teste #72 - V√©rtices: 21, Arestas: 51 ===
‚úÖ Sucesso - Custo: 152

=== Teste #73 - V√©rtices: 16, Arestas: 42 ===
‚úÖ Sucesso - Custo: 96

=== Teste #74 - V√©rtices: 41, Arestas: 101 ===
‚úÖ Sucesso - Custo: 233

=== Teste #75 - V√©rtices: 41, Arestas: 81 ===
‚úÖ Sucesso - Custo: 290

=== Teste #76 - V√©rtices: 46, Arestas: 51 ===
‚úÖ Sucesso - Custo: 475

=== Teste #77 - V√©rtices: 34, Arestas: 69 ===
‚úÖ Sucesso - Custo: 285

=== Teste #78 - V√©rtices: 34, Arestas: 50 ===
‚úÖ Sucesso - Custo: 307

=== Teste #79 - V√©rtices: 27, Arestas: 32 ===
‚úÖ Sucesso - Custo: 235

=== Teste #80 - V√©rtices: 42, Arestas: 51 ===
‚úÖ Sucesso - Custo: 417

=== Teste #81 - V√©rtices: 36, Arestas: 103 ===
‚ùå Erro: Custos divergentes: CHULIU 232, FRANK 228, FRANK_V2 228
Traceback (most recent call last):
  File "/Users/lorenypsum/Library/Mobile Documents/com~apple~CloudDocs/repo/graph-visualizer.nosync/volume_tester.py", line 106, in <module>
    assert custo1 == custo2 == custo3, f"Custos divergentes: CHULIU {custo1}, FRANK {custo2}, FRANK_V2 {custo3}"
           ^^^^^^^^^^^^^^^^^^^^^^^^^^
AssertionError: Custos divergentes: CHULIU 232, FRANK 228, FRANK_V2 228

=== Teste #82 - V√©rtices: 11, Arestas: 15 ===
‚úÖ Sucesso - Custo: 111

=== Teste #83 - V√©rtices: 20, Arestas: 31 ===
‚úÖ Sucesso - Custo: 149

=== Teste #84 - V√©rtices: 28, Arestas: 34 ===
‚úÖ Sucesso - Custo: 316

=== Teste #85 - V√©rtices: 19, Arestas: 53 ===
‚úÖ Sucesso - Custo: 91

=== Teste #86 - V√©rtices: 30, Arestas: 71 ===
‚úÖ Sucesso - Custo: 238

=== Teste #87 - V√©rtices: 23, Arestas: 43 ===
‚ùå Erro: Custos divergentes: CHULIU 166, FRANK 165, FRANK_V2 165
Traceback (most recent call last):
  File "/Users/lorenypsum/Library/Mobile Documents/com~apple~CloudDocs/repo/graph-visualizer.nosync/volume_tester.py", line 106, in <module>
    assert custo1 == custo2 == custo3, f"Custos divergentes: CHULIU {custo1}, FRANK {custo2}, FRANK_V2 {custo3}"
           ^^^^^^^^^^^^^^^^^^^^^^^^^^
AssertionError: Custos divergentes: CHULIU 166, FRANK 165, FRANK_V2 165

=== Teste #88 - V√©rtices: 26, Arestas: 26 ===
‚úÖ Sucesso - Custo: 286

=== Teste #89 - V√©rtices: 15, Arestas: 36 ===
‚úÖ Sucesso - Custo: 98

=== Teste #90 - V√©rtices: 24, Arestas: 25 ===
‚úÖ Sucesso - Custo: 236

=== Teste #91 - V√©rtices: 19, Arestas: 28 ===
‚úÖ Sucesso - Custo: 184

=== Teste #92 - V√©rtices: 46, Arestas: 86 ===
‚úÖ Sucesso - Custo: 411

=== Teste #93 - V√©rtices: 25, Arestas: 39 ===
‚úÖ Sucesso - Custo: 209

=== Teste #94 - V√©rtices: 28, Arestas: 30 ===
‚úÖ Sucesso - Custo: 331

=== Teste #95 - V√©rtices: 48, Arestas: 55 ===
‚úÖ Sucesso - Custo: 488

=== Teste #96 - V√©rtices: 14, Arestas: 21 ===
‚úÖ Sucesso - Custo: 103

=== Teste #97 - V√©rtices: 20, Arestas: 39 ===
‚ùå Erro: Custos divergentes: CHULIU 168, FRANK 162, FRANK_V2 162
Traceback (most recent call last):
  File "/Users/lorenypsum/Library/Mobile Documents/com~apple~CloudDocs/repo/graph-visualizer.nosync/volume_tester.py", line 106, in <module>
    assert custo1 == custo2 == custo3, f"Custos divergentes: CHULIU {custo1}, FRANK {custo2}, FRANK_V2 {custo3}"
           ^^^^^^^^^^^^^^^^^^^^^^^^^^
AssertionError: Custos divergentes: CHULIU 168, FRANK 162, FRANK_V2 162

=== Teste #98 - V√©rtices: 23, Arestas: 58 ===
‚úÖ Sucesso - Custo: 131

=== Teste #99 - V√©rtices: 17, Arestas: 26 ===
‚úÖ Sucesso - Custo: 172

=== Teste #100 - V√©rtices: 17, Arestas: 33 ===
‚úÖ Sucesso - Custo: 147

=== Teste #101 - V√©rtices: 36, Arestas: 92 ===
‚úÖ Sucesso - Custo: 253

=== Teste #102 - V√©rtices: 37, Arestas: 83 ===
‚úÖ Sucesso - Custo: 275

=== Teste #103 - V√©rtices: 34, Arestas: 38 ===
‚úÖ Sucesso - Custo: 287

=== Teste #104 - V√©rtices: 47, Arestas: 67 ===
‚úÖ Sucesso - Custo: 376

=== Teste #105 - V√©rtices: 36, Arestas: 74 ===
‚úÖ Sucesso - Custo: 297

=== Teste #106 - V√©rtices: 10, Arestas: 13 ===
‚úÖ Sucesso - Custo: 88

=== Teste #107 - V√©rtices: 21, Arestas: 56 ===
‚úÖ Sucesso - Custo: 164

=== Teste #108 - V√©rtices: 14, Arestas: 21 ===
‚úÖ Sucesso - Custo: 74

=== Teste #109 - V√©rtices: 36, Arestas: 98 ===
‚úÖ Sucesso - Custo: 273

=== Teste #110 - V√©rtices: 14, Arestas: 14 ===
‚úÖ Sucesso - Custo: 105

=== Teste #111 - V√©rtices: 33, Arestas: 75 ===
‚úÖ Sucesso - Custo: 245

=== Teste #112 - V√©rtices: 47, Arestas: 80 ===
‚úÖ Sucesso - Custo: 341

=== Teste #113 - V√©rtices: 41, Arestas: 72 ===
‚ùå Erro: Custos divergentes: CHULIU 422, FRANK 416, FRANK_V2 416
Traceback (most recent call last):
  File "/Users/lorenypsum/Library/Mobile Documents/com~apple~CloudDocs/repo/graph-visualizer.nosync/volume_tester.py", line 106, in <module>
    assert custo1 == custo2 == custo3, f"Custos divergentes: CHULIU {custo1}, FRANK {custo2}, FRANK_V2 {custo3}"
           ^^^^^^^^^^^^^^^^^^^^^^^^^^
AssertionError: Custos divergentes: CHULIU 422, FRANK 416, FRANK_V2 416

=== Teste #114 - V√©rtices: 18, Arestas: 29 ===
‚úÖ Sucesso - Custo: 177

=== Teste #115 - V√©rtices: 34, Arestas: 101 ===
‚ùå Erro: Custos divergentes: CHULIU 187, FRANK 189, FRANK_V2 189
Traceback (most recent call last):
  File "/Users/lorenypsum/Library/Mobile Documents/com~apple~CloudDocs/repo/graph-visualizer.nosync/volume_tester.py", line 106, in <module>
    assert custo1 == custo2 == custo3, f"Custos divergentes: CHULIU {custo1}, FRANK {custo2}, FRANK_V2 {custo3}"
           ^^^^^^^^^^^^^^^^^^^^^^^^^^
AssertionError: Custos divergentes: CHULIU 187, FRANK 189, FRANK_V2 189

=== Teste #116 - V√©rtices: 38, Arestas: 61 ===
‚úÖ Sucesso - Custo: 343

=== Teste #117 - V√©rtices: 34, Arestas: 41 ===
‚úÖ Sucesso - Custo: 310

=== Teste #118 - V√©rtices: 22, Arestas: 28 ===
‚úÖ Sucesso - Custo: 217

=== Teste #119 - V√©rtices: 15, Arestas: 41 ===
‚ùå Erro: Custos divergentes: CHULIU 86, FRANK 79, FRANK_V2 79
Traceback (most recent call last):
  File "/Users/lorenypsum/Library/Mobile Documents/com~apple~CloudDocs/repo/graph-visualizer.nosync/volume_tester.py", line 106, in <module>
    assert custo1 == custo2 == custo3, f"Custos divergentes: CHULIU {custo1}, FRANK {custo2}, FRANK_V2 {custo3}"
           ^^^^^^^^^^^^^^^^^^^^^^^^^^
AssertionError: Custos divergentes: CHULIU 86, FRANK 79, FRANK_V2 79

=== Teste #120 - V√©rtices: 37, Arestas: 49 ===
‚úÖ Sucesso - Custo: 304

=== Teste #121 - V√©rtices: 49, Arestas: 104 ===
‚úÖ Sucesso - Custo: 393

=== Teste #122 - V√©rtices: 25, Arestas: 63 ===
‚úÖ Sucesso - Custo: 142

=== Teste #123 - V√©rtices: 17, Arestas: 48 ===
‚úÖ Sucesso - Custo: 90

=== Teste #124 - V√©rtices: 39, Arestas: 57 ===
‚úÖ Sucesso - Custo: 263

=== Teste #125 - V√©rtices: 35, Arestas: 77 ===
‚úÖ Sucesso - Custo: 235

=== Teste #126 - V√©rtices: 26, Arestas: 39 ===
‚úÖ Sucesso - Custo: 201

=== Teste #127 - V√©rtices: 21, Arestas: 35 ===
‚úÖ Sucesso - Custo: 197

=== Teste #128 - V√©rtices: 29, Arestas: 32 ===
‚úÖ Sucesso - Custo: 271

=== Teste #129 - V√©rtices: 30, Arestas: 77 ===
‚úÖ Sucesso - Custo: 214

=== Teste #130 - V√©rtices: 47, Arestas: 136 ===
‚ùå Erro: Custos divergentes: CHULIU 268, FRANK 267, FRANK_V2 267
Traceback (most recent call last):
  File "/Users/lorenypsum/Library/Mobile Documents/com~apple~CloudDocs/repo/graph-visualizer.nosync/volume_tester.py", line 106, in <module>
    assert custo1 == custo2 == custo3, f"Custos divergentes: CHULIU {custo1}, FRANK {custo2}, FRANK_V2 {custo3}"
           ^^^^^^^^^^^^^^^^^^^^^^^^^^
AssertionError: Custos divergentes: CHULIU 268, FRANK 267, FRANK_V2 267

=== Teste #131 - V√©rtices: 21, Arestas: 41 ===
‚úÖ Sucesso - Custo: 150

=== Teste #132 - V√©rtices: 36, Arestas: 98 ===
‚úÖ Sucesso - Custo: 211

=== Teste #133 - V√©rtices: 29, Arestas: 34 ===
‚úÖ Sucesso - Custo: 281

=== Teste #134 - V√©rtices: 43, Arestas: 49 ===
‚úÖ Sucesso - Custo: 423

=== Teste #135 - V√©rtices: 19, Arestas: 46 ===
‚úÖ Sucesso - Custo: 119

=== Teste #136 - V√©rtices: 14, Arestas: 31 ===
‚ùå Erro: Custos divergentes: CHULIU 110, FRANK 109, FRANK_V2 109
Traceback (most recent call last):
  File "/Users/lorenypsum/Library/Mobile Documents/com~apple~CloudDocs/repo/graph-visualizer.nosync/volume_tester.py", line 106, in <module>
    assert custo1 == custo2 == custo3, f"Custos divergentes: CHULIU {custo1}, FRANK {custo2}, FRANK_V2 {custo3}"
           ^^^^^^^^^^^^^^^^^^^^^^^^^^
AssertionError: Custos divergentes: CHULIU 110, FRANK 109, FRANK_V2 109

=== Teste #137 - V√©rtices: 30, Arestas: 40 ===
‚úÖ Sucesso - Custo: 285

=== Teste #138 - V√©rtices: 28, Arestas: 34 ===
‚úÖ Sucesso - Custo: 263

=== Teste #139 - V√©rtices: 39, Arestas: 87 ===
‚ùå Erro: Custos divergentes: CHULIU 280, FRANK 284, FRANK_V2 284
Traceback (most recent call last):
  File "/Users/lorenypsum/Library/Mobile Documents/com~apple~CloudDocs/repo/graph-visualizer.nosync/volume_tester.py", line 106, in <module>
    assert custo1 == custo2 == custo3, f"Custos divergentes: CHULIU {custo1}, FRANK {custo2}, FRANK_V2 {custo3}"
           ^^^^^^^^^^^^^^^^^^^^^^^^^^
AssertionError: Custos divergentes: CHULIU 280, FRANK 284, FRANK_V2 284

=== Teste #140 - V√©rtices: 48, Arestas: 135 ===
‚ùå Erro: Custos divergentes: CHULIU 335, FRANK 328, FRANK_V2 328
Traceback (most recent call last):
  File "/Users/lorenypsum/Library/Mobile Documents/com~apple~CloudDocs/repo/graph-visualizer.nosync/volume_tester.py", line 106, in <module>
    assert custo1 == custo2 == custo3, f"Custos divergentes: CHULIU {custo1}, FRANK {custo2}, FRANK_V2 {custo3}"
           ^^^^^^^^^^^^^^^^^^^^^^^^^^
AssertionError: Custos divergentes: CHULIU 335, FRANK 328, FRANK_V2 328

=== Teste #141 - V√©rtices: 22, Arestas: 29 ===
‚úÖ Sucesso - Custo: 175

=== Teste #142 - V√©rtices: 39, Arestas: 80 ===
‚úÖ Sucesso - Custo: 278

=== Teste #143 - V√©rtices: 21, Arestas: 49 ===
‚úÖ Sucesso - Custo: 146

=== Teste #144 - V√©rtices: 43, Arestas: 87 ===
‚úÖ Sucesso - Custo: 349

=== Teste #145 - V√©rtices: 50, Arestas: 80 ===
‚úÖ Sucesso - Custo: 338

=== Teste #146 - V√©rtices: 35, Arestas: 45 ===
‚úÖ Sucesso - Custo: 343

=== Teste #147 - V√©rtices: 40, Arestas: 98 ===
‚úÖ Sucesso - Custo: 295

=== Teste #148 - V√©rtices: 28, Arestas: 34 ===
‚úÖ Sucesso - Custo: 205

=== Teste #149 - V√©rtices: 50, Arestas: 86 ===
‚úÖ Sucesso - Custo: 397

=== Teste #150 - V√©rtices: 11, Arestas: 27 ===
‚úÖ Sucesso - Custo: 79

=== Teste #151 - V√©rtices: 17, Arestas: 18 ===
‚úÖ Sucesso - Custo: 117

=== Teste #152 - V√©rtices: 27, Arestas: 55 ===
‚úÖ Sucesso - Custo: 201

=== Teste #153 - V√©rtices: 20, Arestas: 52 ===
‚úÖ Sucesso - Custo: 163

=== Teste #154 - V√©rtices: 12, Arestas: 16 ===
‚úÖ Sucesso - Custo: 141

=== Teste #155 - V√©rtices: 16, Arestas: 21 ===
‚úÖ Sucesso - Custo: 113

=== Teste #156 - V√©rtices: 11, Arestas: 16 ===
‚úÖ Sucesso - Custo: 89

=== Teste #157 - V√©rtices: 28, Arestas: 33 ===
‚úÖ Sucesso - Custo: 221

=== Teste #158 - V√©rtices: 23, Arestas: 50 ===
‚úÖ Sucesso - Custo: 167

=== Teste #159 - V√©rtices: 30, Arestas: 77 ===
‚úÖ Sucesso - Custo: 183

=== Teste #160 - V√©rtices: 49, Arestas: 63 ===
‚úÖ Sucesso - Custo: 387

=== Teste #161 - V√©rtices: 39, Arestas: 104 ===
‚ùå Erro: Custos divergentes: CHULIU 271, FRANK 273, FRANK_V2 273
Traceback (most recent call last):
  File "/Users/lorenypsum/Library/Mobile Documents/com~apple~CloudDocs/repo/graph-visualizer.nosync/volume_tester.py", line 106, in <module>
    assert custo1 == custo2 == custo3, f"Custos divergentes: CHULIU {custo1}, FRANK {custo2}, FRANK_V2 {custo3}"
           ^^^^^^^^^^^^^^^^^^^^^^^^^^
AssertionError: Custos divergentes: CHULIU 271, FRANK 273, FRANK_V2 273

=== Teste #162 - V√©rtices: 37, Arestas: 48 ===
‚úÖ Sucesso - Custo: 399

=== Teste #163 - V√©rtices: 49, Arestas: 88 ===
‚úÖ Sucesso - Custo: 406

=== Teste #164 - V√©rtices: 35, Arestas: 60 ===
‚úÖ Sucesso - Custo: 314

=== Teste #165 - V√©rtices: 43, Arestas: 123 ===
‚úÖ Sucesso - Custo: 244

=== Teste #166 - V√©rtices: 46, Arestas: 51 ===
‚úÖ Sucesso - Custo: 405

=== Teste #167 - V√©rtices: 43, Arestas: 123 ===
‚úÖ Sucesso - Custo: 236

=== Teste #168 - V√©rtices: 15, Arestas: 44 ===
‚úÖ Sucesso - Custo: 107

=== Teste #169 - V√©rtices: 37, Arestas: 45 ===
‚úÖ Sucesso - Custo: 362

=== Teste #170 - V√©rtices: 29, Arestas: 48 ===
‚úÖ Sucesso - Custo: 245

=== Teste #171 - V√©rtices: 18, Arestas: 29 ===
‚úÖ Sucesso - Custo: 154

=== Teste #172 - V√©rtices: 49, Arestas: 113 ===
‚úÖ Sucesso - Custo: 263

=== Teste #173 - V√©rtices: 49, Arestas: 140 ===
‚ùå Erro: Custos divergentes: CHULIU 293, FRANK 297, FRANK_V2 297
Traceback (most recent call last):
  File "/Users/lorenypsum/Library/Mobile Documents/com~apple~CloudDocs/repo/graph-visualizer.nosync/volume_tester.py", line 106, in <module>
    assert custo1 == custo2 == custo3, f"Custos divergentes: CHULIU {custo1}, FRANK {custo2}, FRANK_V2 {custo3}"
           ^^^^^^^^^^^^^^^^^^^^^^^^^^
AssertionError: Custos divergentes: CHULIU 293, FRANK 297, FRANK_V2 297

=== Teste #174 - V√©rtices: 43, Arestas: 64 ===
‚úÖ Sucesso - Custo: 402

=== Teste #175 - V√©rtices: 42, Arestas: 122 ===
‚úÖ Sucesso - Custo: 244

=== Teste #176 - V√©rtices: 37, Arestas: 93 ===
‚ùå Erro: Custos divergentes: CHULIU 300, FRANK 291, FRANK_V2 291
Traceback (most recent call last):
  File "/Users/lorenypsum/Library/Mobile Documents/com~apple~CloudDocs/repo/graph-visualizer.nosync/volume_tester.py", line 106, in <module>
    assert custo1 == custo2 == custo3, f"Custos divergentes: CHULIU {custo1}, FRANK {custo2}, FRANK_V2 {custo3}"
           ^^^^^^^^^^^^^^^^^^^^^^^^^^
AssertionError: Custos divergentes: CHULIU 300, FRANK 291, FRANK_V2 291

=== Teste #177 - V√©rtices: 30, Arestas: 68 ===
‚ùå Erro: Custos divergentes: CHULIU 207, FRANK 194, FRANK_V2 194
Traceback (most recent call last):
  File "/Users/lorenypsum/Library/Mobile Documents/com~apple~CloudDocs/repo/graph-visualizer.nosync/volume_tester.py", line 106, in <module>
    assert custo1 == custo2 == custo3, f"Custos divergentes: CHULIU {custo1}, FRANK {custo2}, FRANK_V2 {custo3}"
           ^^^^^^^^^^^^^^^^^^^^^^^^^^
AssertionError: Custos divergentes: CHULIU 207, FRANK 194, FRANK_V2 194

=== Teste #178 - V√©rtices: 10, Arestas: 26 ===
‚ùå Erro: Custos divergentes: CHULIU 77, FRANK 76, FRANK_V2 76
Traceback (most recent call last):
  File "/Users/lorenypsum/Library/Mobile Documents/com~apple~CloudDocs/repo/graph-visualizer.nosync/volume_tester.py", line 106, in <module>
    assert custo1 == custo2 == custo3, f"Custos divergentes: CHULIU {custo1}, FRANK {custo2}, FRANK_V2 {custo3}"
           ^^^^^^^^^^^^^^^^^^^^^^^^^^
AssertionError: Custos divergentes: CHULIU 77, FRANK 76, FRANK_V2 76

=== Teste #179 - V√©rtices: 42, Arestas: 64 ===
‚úÖ Sucesso - Custo: 354

=== Teste #180 - V√©rtices: 23, Arestas: 54 ===
‚úÖ Sucesso - Custo: 184

=== Teste #181 - V√©rtices: 16, Arestas: 26 ===
‚úÖ Sucesso - Custo: 129

=== Teste #182 - V√©rtices: 43, Arestas: 73 ===
‚ùå Erro: Custos divergentes: CHULIU 399, FRANK 401, FRANK_V2 401
Traceback (most recent call last):
  File "/Users/lorenypsum/Library/Mobile Documents/com~apple~CloudDocs/repo/graph-visualizer.nosync/volume_tester.py", line 106, in <module>
    assert custo1 == custo2 == custo3, f"Custos divergentes: CHULIU {custo1}, FRANK {custo2}, FRANK_V2 {custo3}"
           ^^^^^^^^^^^^^^^^^^^^^^^^^^
AssertionError: Custos divergentes: CHULIU 399, FRANK 401, FRANK_V2 401

=== Teste #183 - V√©rtices: 31, Arestas: 67 ===
‚úÖ Sucesso - Custo: 213

=== Teste #184 - V√©rtices: 36, Arestas: 102 ===
‚ùå Erro: Custos divergentes: CHULIU 184, FRANK 180, FRANK_V2 180
Traceback (most recent call last):
  File "/Users/lorenypsum/Library/Mobile Documents/com~apple~CloudDocs/repo/graph-visualizer.nosync/volume_tester.py", line 106, in <module>
    assert custo1 == custo2 == custo3, f"Custos divergentes: CHULIU {custo1}, FRANK {custo2}, FRANK_V2 {custo3}"
           ^^^^^^^^^^^^^^^^^^^^^^^^^^
AssertionError: Custos divergentes: CHULIU 184, FRANK 180, FRANK_V2 180

=== Teste #185 - V√©rtices: 26, Arestas: 78 ===
‚úÖ Sucesso - Custo: 115

=== Teste #186 - V√©rtices: 48, Arestas: 124 ===
‚úÖ Sucesso - Custo: 328

=== Teste #187 - V√©rtices: 15, Arestas: 21 ===
‚úÖ Sucesso - Custo: 114

=== Teste #188 - V√©rtices: 23, Arestas: 40 ===
‚úÖ Sucesso - Custo: 185

=== Teste #189 - V√©rtices: 11, Arestas: 14 ===
‚úÖ Sucesso - Custo: 111

=== Teste #190 - V√©rtices: 31, Arestas: 55 ===
‚úÖ Sucesso - Custo: 288

=== Teste #191 - V√©rtices: 50, Arestas: 67 ===
‚úÖ Sucesso - Custo: 488

=== Teste #192 - V√©rtices: 17, Arestas: 51 ===
‚úÖ Sucesso - Custo: 89

=== Teste #193 - V√©rtices: 35, Arestas: 84 ===
‚úÖ Sucesso - Custo: 255

=== Teste #194 - V√©rtices: 40, Arestas: 57 ===
‚úÖ Sucesso - Custo: 317

=== Teste #195 - V√©rtices: 35, Arestas: 35 ===
‚úÖ Sucesso - Custo: 385

=== Teste #196 - V√©rtices: 41, Arestas: 66 ===
‚ùå Erro: Custos divergentes: CHULIU 349, FRANK 356, FRANK_V2 356
Traceback (most recent call last):
  File "/Users/lorenypsum/Library/Mobile Documents/com~apple~CloudDocs/repo/graph-visualizer.nosync/volume_tester.py", line 106, in <module>
    assert custo1 == custo2 == custo3, f"Custos divergentes: CHULIU {custo1}, FRANK {custo2}, FRANK_V2 {custo3}"
           ^^^^^^^^^^^^^^^^^^^^^^^^^^
AssertionError: Custos divergentes: CHULIU 349, FRANK 356, FRANK_V2 356

=== Teste #197 - V√©rtices: 42, Arestas: 43 ===
‚úÖ Sucesso - Custo: 440

=== Teste #198 - V√©rtices: 47, Arestas: 125 ===
‚úÖ Sucesso - Custo: 258

=== Teste #199 - V√©rtices: 13, Arestas: 27 ===
‚úÖ Sucesso - Custo: 81

=== Teste #200 - V√©rtices: 17, Arestas: 36 ===
‚úÖ Sucesso - Custo: 96

üß™ Testagem em volume finalizada.
